<?xml version="1.0" encoding="UTF-8"?>
<coverage generated="1732629523176" clover="3.2.0">
  <project timestamp="1732629523176" name="All files">
    <metrics statements="64" coveredstatements="64" conditionals="22" coveredconditionals="22" methods="26" coveredmethods="26" elements="112" coveredelements="112" complexity="0" loc="64" ncloc="64" packages="4" files="10" classes="10"/>
    <package name="components">
      <metrics statements="19" coveredstatements="19" conditionals="10" coveredconditionals="10" methods="9" coveredmethods="9"/>
      <file name="Button.jsx" path="C:\Users\Machb\Desktop\React Projects\page-prism\src\components\Button.jsx">
        <metrics statements="2" coveredstatements="2" conditionals="0" coveredconditionals="0" methods="1" coveredmethods="1"/>
        <line num="4" count="3" type="stmt"/>
        <line num="5" count="29" type="stmt"/>
      </file>
      <file name="DesktopNavigation.jsx" path="C:\Users\Machb\Desktop\React Projects\page-prism\src\components\DesktopNavigation.jsx">
        <metrics statements="5" coveredstatements="5" conditionals="4" coveredconditionals="4" methods="2" coveredmethods="2"/>
        <line num="5" count="1" type="stmt"/>
        <line num="10" count="1" type="stmt"/>
        <line num="11" count="2" type="stmt"/>
        <line num="13" count="2" type="stmt"/>
        <line num="17" count="4" type="stmt"/>
      </file>
      <file name="Header.jsx" path="C:\Users\Machb\Desktop\React Projects\page-prism\src\components\Header.jsx">
        <metrics statements="2" coveredstatements="2" conditionals="0" coveredconditionals="0" methods="1" coveredmethods="1"/>
        <line num="3" count="1" type="stmt"/>
        <line num="4" count="3" type="stmt"/>
      </file>
      <file name="MobileMenuButton.jsx" path="C:\Users\Machb\Desktop\React Projects\page-prism\src\components\MobileMenuButton.jsx">
        <metrics statements="2" coveredstatements="2" conditionals="2" coveredconditionals="2" methods="1" coveredmethods="1"/>
        <line num="5" count="2" type="stmt"/>
        <line num="6" count="12" type="stmt"/>
      </file>
      <file name="MobileNavigation.jsx" path="C:\Users\Machb\Desktop\React Projects\page-prism\src\components\MobileNavigation.jsx">
        <metrics statements="5" coveredstatements="5" conditionals="4" coveredconditionals="4" methods="2" coveredmethods="2"/>
        <line num="6" count="1" type="stmt"/>
        <line num="11" count="1" type="stmt"/>
        <line num="12" count="3" type="stmt"/>
        <line num="14" count="3" type="stmt"/>
        <line num="17" count="6" type="stmt"/>
      </file>
      <file name="Navbar.jsx" path="C:\Users\Machb\Desktop\React Projects\page-prism\src\components\Navbar.jsx">
        <metrics statements="3" coveredstatements="3" conditionals="0" coveredconditionals="0" methods="2" coveredmethods="2"/>
        <line num="7" count="1" type="stmt"/>
        <line num="8" count="2" type="stmt"/>
        <line num="11" count="6" type="stmt"/>
      </file>
    </package>
    <package name="hooks">
      <metrics statements="12" coveredstatements="12" conditionals="3" coveredconditionals="3" methods="3" coveredmethods="3"/>
      <file name="usePageTitle.jsx" path="C:\Users\Machb\Desktop\React Projects\page-prism\src\hooks\usePageTitle.jsx">
        <metrics statements="12" coveredstatements="12" conditionals="3" coveredconditionals="3" methods="3" coveredmethods="3"/>
        <line num="5" count="1" type="stmt"/>
        <line num="6" count="3" type="cond" truecount="3" falsecount="0"/>
        <line num="8" count="1" type="stmt"/>
        <line num="10" count="1" type="stmt"/>
        <line num="12" count="1" type="stmt"/>
        <line num="16" count="1" type="stmt"/>
        <line num="17" count="6" type="stmt"/>
        <line num="18" count="6" type="stmt"/>
        <line num="20" count="6" type="stmt"/>
        <line num="21" count="6" type="stmt"/>
        <line num="22" count="3" type="stmt"/>
        <line num="25" count="6" type="stmt"/>
      </file>
    </package>
    <package name="pages">
      <metrics statements="31" coveredstatements="31" conditionals="8" coveredconditionals="8" methods="12" coveredmethods="12"/>
      <file name="ProjectDetail.jsx" path="C:\Users\Machb\Desktop\React Projects\page-prism\src\pages\ProjectDetail.jsx">
        <metrics statements="21" coveredstatements="21" conditionals="6" coveredconditionals="6" methods="8" coveredmethods="8"/>
        <line num="9" count="1" type="stmt"/>
        <line num="10" count="15" type="stmt"/>
        <line num="11" count="15" type="stmt"/>
        <line num="12" count="15" type="stmt"/>
        <line num="13" count="15" type="stmt"/>
        <line num="15" count="15" type="stmt"/>
        <line num="16" count="5" type="stmt"/>
        <line num="17" count="5" type="stmt"/>
        <line num="18" count="5" type="stmt"/>
        <line num="20" count="5" type="stmt"/>
        <line num="23" count="15" type="cond" truecount="2" falsecount="0"/>
        <line num="24" count="5" type="stmt"/>
        <line num="55" count="10" type="stmt"/>
        <line num="56" count="2" type="stmt"/>
        <line num="59" count="10" type="stmt"/>
        <line num="60" count="2" type="stmt"/>
        <line num="63" count="10" type="stmt"/>
        <line num="64" count="1" type="stmt"/>
        <line num="65" count="1" type="stmt"/>
        <line num="69" count="10" type="stmt"/>
        <line num="96" count="18" type="stmt"/>
      </file>
      <file name="modal.jsx" path="C:\Users\Machb\Desktop\React Projects\page-prism\src\pages\modal.jsx">
        <metrics statements="10" coveredstatements="10" conditionals="2" coveredconditionals="2" methods="4" coveredmethods="4"/>
        <line num="6" count="16" type="stmt"/>
        <line num="7" count="16" type="cond" truecount="2" falsecount="0"/>
        <line num="8" count="9" type="stmt"/>
        <line num="11" count="7" type="stmt"/>
        <line num="12" count="2" type="stmt"/>
        <line num="13" count="2" type="stmt"/>
        <line num="14" count="2" type="stmt"/>
        <line num="17" count="7" type="stmt"/>
        <line num="21" count="4" type="stmt"/>
        <line num="36" count="2" type="stmt"/>
      </file>
    </package>
    <package name="utils">
      <metrics statements="2" coveredstatements="2" conditionals="1" coveredconditionals="1" methods="2" coveredmethods="2"/>
      <file name="mockLatency.js" path="C:\Users\Machb\Desktop\React Projects\page-prism\src\utils\mockLatency.js">
        <metrics statements="2" coveredstatements="2" conditionals="1" coveredconditionals="1" methods="2" coveredmethods="2"/>
        <line num="6" count="1" type="cond" truecount="1" falsecount="0"/>
        <line num="7" count="3" type="stmt"/>
      </file>
    </package>
  </project>
</coverage>
