{"C:\\Users\\Machb\\Desktop\\React Projects\\page-prism\\src\\components\\Button.jsx": {"path":"C:\\Users\\Machb\\Desktop\\React Projects\\page-prism\\src\\components\\Button.jsx","statementMap":{"0":{"start":{"line":4,"column":15},"end":{"line":10,"column":1}},"1":{"start":{"line":5,"column":2},"end":{"line":9,"column":3}}},"fnMap":{"0":{"name":"(anonymous_0)","decl":{"start":{"line":4,"column":15},"end":{"line":4,"column":16}},"loc":{"start":{"line":4,"column":54},"end":{"line":10,"column":1}},"line":4}},"branchMap":{},"s":{"0":3,"1":29},"f":{"0":29},"b":{},"_coverageSchema":"1a1c01bbd47fc00a2c39e90264f33305004495a9","hash":"3cf1aed4e472eb00484e2913e77e68fdf664a31a"}
,"C:\\Users\\Machb\\Desktop\\React Projects\\page-prism\\src\\components\\DesktopNavigation.jsx": {"path":"C:\\Users\\Machb\\Desktop\\React Projects\\page-prism\\src\\components\\DesktopNavigation.jsx","statementMap":{"0":{"start":{"line":5,"column":19},"end":{"line":8,"column":1}},"1":{"start":{"line":10,"column":26},"end":{"line":34,"column":1}},"2":{"start":{"line":11,"column":19},"end":{"line":11,"column":32}},"3":{"start":{"line":13,"column":2},"end":{"line":33,"column":3}},"4":{"start":{"line":17,"column":10},"end":{"line":29,"column":17}}},"fnMap":{"0":{"name":"(anonymous_0)","decl":{"start":{"line":10,"column":26},"end":{"line":10,"column":27}},"loc":{"start":{"line":10,"column":32},"end":{"line":34,"column":1}},"line":10},"1":{"name":"(anonymous_1)","decl":{"start":{"line":16,"column":24},"end":{"line":16,"column":25}},"loc":{"start":{"line":17,"column":10},"end":{"line":29,"column":17}},"line":17}},"branchMap":{"0":{"loc":{"start":{"line":22,"column":14},"end":{"line":24,"column":39}},"type":"cond-expr","locations":[{"start":{"line":23,"column":18},"end":{"line":23,"column":39}},{"start":{"line":24,"column":18},"end":{"line":24,"column":39}}],"line":22},"1":{"loc":{"start":{"line":26,"column":26},"end":{"line":26,"column":78}},"type":"cond-expr","locations":[{"start":{"line":26,"column":60},"end":{"line":26,"column":66}},{"start":{"line":26,"column":69},"end":{"line":26,"column":78}}],"line":26}},"s":{"0":1,"1":1,"2":2,"3":2,"4":4},"f":{"0":2,"1":4},"b":{"0":[2,2],"1":[2,2]},"_coverageSchema":"1a1c01bbd47fc00a2c39e90264f33305004495a9","hash":"6fef916c0d179615db7f320dfff11c38677c68c2"}
,"C:\\Users\\Machb\\Desktop\\React Projects\\page-prism\\src\\components\\Header.jsx": {"path":"C:\\Users\\Machb\\Desktop\\React Projects\\page-prism\\src\\components\\Header.jsx","statementMap":{"0":{"start":{"line":3,"column":15},"end":{"line":11,"column":1}},"1":{"start":{"line":4,"column":2},"end":{"line":10,"column":3}}},"fnMap":{"0":{"name":"(anonymous_0)","decl":{"start":{"line":3,"column":15},"end":{"line":3,"column":16}},"loc":{"start":{"line":3,"column":30},"end":{"line":11,"column":1}},"line":3}},"branchMap":{},"s":{"0":1,"1":3},"f":{"0":3},"b":{},"_coverageSchema":"1a1c01bbd47fc00a2c39e90264f33305004495a9","hash":"988eb268670e07c423de935d2a68f2036a9afabc"}
,"C:\\Users\\Machb\\Desktop\\React Projects\\page-prism\\src\\components\\MobileMenuButton.jsx": {"path":"C:\\Users\\Machb\\Desktop\\React Projects\\page-prism\\src\\components\\MobileMenuButton.jsx","statementMap":{"0":{"start":{"line":5,"column":25},"end":{"line":16,"column":1}},"1":{"start":{"line":6,"column":2},"end":{"line":15,"column":3}}},"fnMap":{"0":{"name":"(anonymous_0)","decl":{"start":{"line":5,"column":25},"end":{"line":5,"column":26}},"loc":{"start":{"line":5,"column":39},"end":{"line":16,"column":1}},"line":5}},"branchMap":{"0":{"loc":{"start":{"line":9,"column":7},"end":{"line":13,"column":7}},"type":"cond-expr","locations":[{"start":{"line":10,"column":8},"end":{"line":10,"column":64}},{"start":{"line":12,"column":8},"end":{"line":12,"column":64}}],"line":9}},"s":{"0":2,"1":12},"f":{"0":12},"b":{"0":[3,9]},"_coverageSchema":"1a1c01bbd47fc00a2c39e90264f33305004495a9","hash":"73340f03a20a707bed5666e6e022fa33845ca972"}
,"C:\\Users\\Machb\\Desktop\\React Projects\\page-prism\\src\\components\\MobileNavigation.jsx": {"path":"C:\\Users\\Machb\\Desktop\\React Projects\\page-prism\\src\\components\\MobileNavigation.jsx","statementMap":{"0":{"start":{"line":6,"column":19},"end":{"line":9,"column":1}},"1":{"start":{"line":11,"column":25},"end":{"line":34,"column":1}},"2":{"start":{"line":12,"column":19},"end":{"line":12,"column":32}},"3":{"start":{"line":14,"column":2},"end":{"line":33,"column":3}},"4":{"start":{"line":17,"column":8},"end":{"line":30,"column":27}}},"fnMap":{"0":{"name":"(anonymous_0)","decl":{"start":{"line":11,"column":25},"end":{"line":11,"column":26}},"loc":{"start":{"line":11,"column":31},"end":{"line":34,"column":1}},"line":11},"1":{"name":"(anonymous_1)","decl":{"start":{"line":16,"column":22},"end":{"line":16,"column":23}},"loc":{"start":{"line":17,"column":8},"end":{"line":30,"column":27}},"line":17}},"branchMap":{"0":{"loc":{"start":{"line":23,"column":12},"end":{"line":25,"column":44}},"type":"cond-expr","locations":[{"start":{"line":24,"column":16},"end":{"line":24,"column":44}},{"start":{"line":25,"column":16},"end":{"line":25,"column":44}}],"line":23},"1":{"loc":{"start":{"line":27,"column":24},"end":{"line":27,"column":76}},"type":"cond-expr","locations":[{"start":{"line":27,"column":58},"end":{"line":27,"column":64}},{"start":{"line":27,"column":67},"end":{"line":27,"column":76}}],"line":27}},"s":{"0":1,"1":1,"2":3,"3":3,"4":6},"f":{"0":3,"1":6},"b":{"0":[3,3],"1":[3,3]},"_coverageSchema":"1a1c01bbd47fc00a2c39e90264f33305004495a9","hash":"e25b6d9f6caab5c96ea96da1bf473616ade17a05"}
,"C:\\Users\\Machb\\Desktop\\React Projects\\page-prism\\src\\components\\Navbar.jsx": {"path":"C:\\Users\\Machb\\Desktop\\React Projects\\page-prism\\src\\components\\Navbar.jsx","statementMap":{"0":{"start":{"line":7,"column":15},"end":{"line":25,"column":1}},"1":{"start":{"line":8,"column":2},"end":{"line":24,"column":3}},"2":{"start":{"line":11,"column":8},"end":{"line":21,"column":11}}},"fnMap":{"0":{"name":"(anonymous_0)","decl":{"start":{"line":7,"column":15},"end":{"line":7,"column":16}},"loc":{"start":{"line":7,"column":21},"end":{"line":25,"column":1}},"line":7},"1":{"name":"(anonymous_1)","decl":{"start":{"line":10,"column":7},"end":{"line":10,"column":8}},"loc":{"start":{"line":11,"column":8},"end":{"line":21,"column":11}},"line":11}},"branchMap":{},"s":{"0":1,"1":2,"2":6},"f":{"0":2,"1":6},"b":{},"_coverageSchema":"1a1c01bbd47fc00a2c39e90264f33305004495a9","hash":"4cbd08caed9c718dd0cb2e7823352669133ca369"}
,"C:\\Users\\Machb\\Desktop\\React Projects\\page-prism\\src\\hooks\\usePageTitle.jsx": {"path":"C:\\Users\\Machb\\Desktop\\React Projects\\page-prism\\src\\hooks\\usePageTitle.jsx","statementMap":{"0":{"start":{"line":5,"column":17},"end":{"line":14,"column":1}},"1":{"start":{"line":6,"column":2},"end":{"line":13,"column":3}},"2":{"start":{"line":8,"column":6},"end":{"line":8,"column":24}},"3":{"start":{"line":10,"column":6},"end":{"line":10,"column":23}},"4":{"start":{"line":12,"column":6},"end":{"line":12,"column":25}},"5":{"start":{"line":16,"column":21},"end":{"line":26,"column":1}},"6":{"start":{"line":17,"column":36},"end":{"line":17,"column":51}},"7":{"start":{"line":18,"column":17},"end":{"line":18,"column":28}},"8":{"start":{"line":20,"column":19},"end":{"line":20,"column":32}},"9":{"start":{"line":21,"column":2},"end":{"line":23,"column":16}},"10":{"start":{"line":22,"column":4},"end":{"line":22,"column":45}},"11":{"start":{"line":25,"column":2},"end":{"line":25,"column":18}}},"fnMap":{"0":{"name":"(anonymous_0)","decl":{"start":{"line":5,"column":17},"end":{"line":5,"column":18}},"loc":{"start":{"line":5,"column":31},"end":{"line":14,"column":1}},"line":5},"1":{"name":"(anonymous_1)","decl":{"start":{"line":16,"column":21},"end":{"line":16,"column":22}},"loc":{"start":{"line":16,"column":32},"end":{"line":26,"column":1}},"line":16},"2":{"name":"(anonymous_2)","decl":{"start":{"line":21,"column":12},"end":{"line":21,"column":13}},"loc":{"start":{"line":21,"column":18},"end":{"line":23,"column":3}},"line":21}},"branchMap":{"0":{"loc":{"start":{"line":6,"column":2},"end":{"line":13,"column":3}},"type":"switch","locations":[{"start":{"line":7,"column":4},"end":{"line":8,"column":24}},{"start":{"line":9,"column":4},"end":{"line":10,"column":23}},{"start":{"line":11,"column":4},"end":{"line":12,"column":25}}],"line":6}},"s":{"0":1,"1":3,"2":1,"3":1,"4":1,"5":1,"6":6,"7":6,"8":6,"9":6,"10":3,"11":6},"f":{"0":3,"1":6,"2":3},"b":{"0":[1,1,1]},"_coverageSchema":"1a1c01bbd47fc00a2c39e90264f33305004495a9","hash":"6bd5c430fdde6b6e31cdd5b36b0909fc3cc993c0"}
,"C:\\Users\\Machb\\Desktop\\React Projects\\page-prism\\src\\pages\\ProjectDetail.jsx": {"path":"C:\\Users\\Machb\\Desktop\\React Projects\\page-prism\\src\\pages\\ProjectDetail.jsx","statementMap":{"0":{"start":{"line":9,"column":22},"end":{"line":117,"column":1}},"1":{"start":{"line":10,"column":32},"end":{"line":10,"column":46}},"2":{"start":{"line":11,"column":34},"end":{"line":11,"column":48}},"3":{"start":{"line":12,"column":38},"end":{"line":12,"column":53}},"4":{"start":{"line":13,"column":17},"end":{"line":13,"column":28}},"5":{"start":{"line":15,"column":2},"end":{"line":21,"column":10}},"6":{"start":{"line":16,"column":25},"end":{"line":19,"column":5}},"7":{"start":{"line":17,"column":26},"end":{"line":17,"column":46}},"8":{"start":{"line":18,"column":6},"end":{"line":18,"column":29}},"9":{"start":{"line":20,"column":4},"end":{"line":20,"column":18}},"10":{"start":{"line":23,"column":2},"end":{"line":25,"column":3}},"11":{"start":{"line":24,"column":4},"end":{"line":24,"column":32}},"12":{"start":{"line":55,"column":16},"end":{"line":57,"column":3}},"13":{"start":{"line":56,"column":4},"end":{"line":56,"column":24}},"14":{"start":{"line":59,"column":25},"end":{"line":61,"column":3}},"15":{"start":{"line":60,"column":4},"end":{"line":60,"column":23}},"16":{"start":{"line":63,"column":15},"end":{"line":67,"column":3}},"17":{"start":{"line":64,"column":4},"end":{"line":66,"column":6}},"18":{"start":{"line":65,"column":6},"end":{"line":65,"column":22}},"19":{"start":{"line":69,"column":2},"end":{"line":116,"column":3}},"20":{"start":{"line":96,"column":16},"end":{"line":99,"column":21}}},"fnMap":{"0":{"name":"(anonymous_0)","decl":{"start":{"line":9,"column":22},"end":{"line":9,"column":23}},"loc":{"start":{"line":9,"column":28},"end":{"line":117,"column":1}},"line":9},"1":{"name":"(anonymous_1)","decl":{"start":{"line":15,"column":12},"end":{"line":15,"column":13}},"loc":{"start":{"line":15,"column":18},"end":{"line":21,"column":3}},"line":15},"2":{"name":"(anonymous_2)","decl":{"start":{"line":16,"column":25},"end":{"line":16,"column":26}},"loc":{"start":{"line":16,"column":37},"end":{"line":19,"column":5}},"line":16},"3":{"name":"(anonymous_3)","decl":{"start":{"line":55,"column":16},"end":{"line":55,"column":17}},"loc":{"start":{"line":55,"column":22},"end":{"line":57,"column":3}},"line":55},"4":{"name":"(anonymous_4)","decl":{"start":{"line":59,"column":25},"end":{"line":59,"column":26}},"loc":{"start":{"line":59,"column":31},"end":{"line":61,"column":3}},"line":59},"5":{"name":"(anonymous_5)","decl":{"start":{"line":63,"column":15},"end":{"line":63,"column":16}},"loc":{"start":{"line":63,"column":25},"end":{"line":67,"column":3}},"line":63},"6":{"name":"(anonymous_6)","decl":{"start":{"line":64,"column":51},"end":{"line":64,"column":52}},"loc":{"start":{"line":64,"column":61},"end":{"line":66,"column":5}},"line":64},"7":{"name":"(anonymous_7)","decl":{"start":{"line":95,"column":40},"end":{"line":95,"column":41}},"loc":{"start":{"line":96,"column":16},"end":{"line":99,"column":21}},"line":96}},"branchMap":{"0":{"loc":{"start":{"line":23,"column":2},"end":{"line":25,"column":3}},"type":"if","locations":[{"start":{"line":23,"column":2},"end":{"line":25,"column":3}},{"start":{},"end":{}}],"line":23},"1":{"loc":{"start":{"line":93,"column":11},"end":{"line":104,"column":11}},"type":"cond-expr","locations":[{"start":{"line":94,"column":12},"end":{"line":101,"column":17}},{"start":{"line":103,"column":12},"end":{"line":103,"column":45}}],"line":93},"2":{"loc":{"start":{"line":97,"column":19},"end":{"line":98,"column":51}},"type":"binary-expr","locations":[{"start":{"line":97,"column":19},"end":{"line":97,"column":52}},{"start":{"line":98,"column":20},"end":{"line":98,"column":51}}],"line":97}},"s":{"0":1,"1":15,"2":15,"3":15,"4":15,"5":15,"6":5,"7":5,"8":5,"9":5,"10":15,"11":5,"12":10,"13":2,"14":10,"15":2,"16":10,"17":1,"18":1,"19":10,"20":18},"f":{"0":15,"1":5,"2":5,"3":2,"4":2,"5":1,"6":1,"7":18},"b":{"0":[5,10],"1":[9,1],"2":[18,9]},"_coverageSchema":"1a1c01bbd47fc00a2c39e90264f33305004495a9","hash":"bb94105ad6f42078a316f7f8ccb00372cbe92a65"}
,"C:\\Users\\Machb\\Desktop\\React Projects\\page-prism\\src\\pages\\modal.jsx": {"path":"C:\\Users\\Machb\\Desktop\\React Projects\\page-prism\\src\\pages\\modal.jsx","statementMap":{"0":{"start":{"line":6,"column":28},"end":{"line":6,"column":40}},"1":{"start":{"line":7,"column":2},"end":{"line":9,"column":3}},"2":{"start":{"line":8,"column":4},"end":{"line":8,"column":10}},"3":{"start":{"line":11,"column":21},"end":{"line":15,"column":3}},"4":{"start":{"line":12,"column":4},"end":{"line":12,"column":26}},"5":{"start":{"line":13,"column":4},"end":{"line":13,"column":17}},"6":{"start":{"line":14,"column":4},"end":{"line":14,"column":13}},"7":{"start":{"line":17,"column":2},"end":{"line":46,"column":3}},"8":{"start":{"line":21,"column":28},"end":{"line":21,"column":51}},"9":{"start":{"line":36,"column":37},"end":{"line":36,"column":65}}},"fnMap":{"0":{"name":"Modal","decl":{"start":{"line":5,"column":24},"end":{"line":5,"column":29}},"loc":{"start":{"line":5,"column":68},"end":{"line":47,"column":1}},"line":5},"1":{"name":"(anonymous_1)","decl":{"start":{"line":11,"column":21},"end":{"line":11,"column":22}},"loc":{"start":{"line":11,"column":32},"end":{"line":15,"column":3}},"line":11},"2":{"name":"(anonymous_2)","decl":{"start":{"line":21,"column":17},"end":{"line":21,"column":18}},"loc":{"start":{"line":21,"column":28},"end":{"line":21,"column":51}},"line":21},"3":{"name":"(anonymous_3)","decl":{"start":{"line":36,"column":26},"end":{"line":36,"column":27}},"loc":{"start":{"line":36,"column":37},"end":{"line":36,"column":65}},"line":36}},"branchMap":{"0":{"loc":{"start":{"line":7,"column":2},"end":{"line":9,"column":3}},"type":"if","locations":[{"start":{"line":7,"column":2},"end":{"line":9,"column":3}},{"start":{},"end":{}}],"line":7}},"s":{"0":16,"1":16,"2":9,"3":7,"4":2,"5":2,"6":2,"7":7,"8":4,"9":2},"f":{"0":16,"1":2,"2":4,"3":2},"b":{"0":[9,7]},"_coverageSchema":"1a1c01bbd47fc00a2c39e90264f33305004495a9","hash":"baa68658a940b5dede6042049a635e74b219c95f"}
,"C:\\Users\\Machb\\Desktop\\React Projects\\page-prism\\src\\utils\\mockLatency.js": {"path":"C:\\Users\\Machb\\Desktop\\React Projects\\page-prism\\src\\utils\\mockLatency.js","statementMap":{"0":{"start":{"line":6,"column":20},"end":{"line":8,"column":1}},"1":{"start":{"line":7,"column":2},"end":{"line":7,"column":58}},"2":{"start":{"line":7,"column":34},"end":{"line":7,"column":57}}},"fnMap":{"0":{"name":"(anonymous_0)","decl":{"start":{"line":6,"column":20},"end":{"line":6,"column":21}},"loc":{"start":{"line":6,"column":38},"end":{"line":8,"column":1}},"line":6},"1":{"name":"(anonymous_1)","decl":{"start":{"line":7,"column":21},"end":{"line":7,"column":22}},"loc":{"start":{"line":7,"column":34},"end":{"line":7,"column":57}},"line":7}},"branchMap":{"0":{"loc":{"start":{"line":6,"column":27},"end":{"line":6,"column":33}},"type":"default-arg","locations":[{"start":{"line":6,"column":32},"end":{"line":6,"column":33}}],"line":6}},"s":{"0":1,"1":3,"2":3},"f":{"0":3,"1":3},"b":{"0":[1]},"_coverageSchema":"1a1c01bbd47fc00a2c39e90264f33305004495a9","hash":"4bff5e177051dffe0787fbeb51bc1d99815a2bb5"}
}
