TN:
SF:src\components\Button.jsx
FN:4,(anonymous_0)
FNF:1
FNH:1
FNDA:29,(anonymous_0)
DA:4,3
DA:5,29
LF:2
LH:2
BRF:0
BRH:0
end_of_record
TN:
SF:src\components\DesktopNavigation.jsx
FN:10,(anonymous_0)
FN:16,(anonymous_1)
FNF:2
FNH:2
FNDA:2,(anonymous_0)
FNDA:4,(anonymous_1)
DA:5,1
DA:10,1
DA:11,2
DA:13,2
DA:17,4
LF:5
LH:5
BRDA:22,0,0,2
BRDA:22,0,1,2
BRDA:26,1,0,2
BRDA:26,1,1,2
BRF:4
BRH:4
end_of_record
TN:
SF:src\components\Header.jsx
FN:3,(anonymous_0)
FNF:1
FNH:1
FNDA:3,(anonymous_0)
DA:3,1
DA:4,3
LF:2
LH:2
BRF:0
BRH:0
end_of_record
TN:
SF:src\components\MobileMenuButton.jsx
FN:5,(anonymous_0)
FNF:1
FNH:1
FNDA:12,(anonymous_0)
DA:5,2
DA:6,12
LF:2
LH:2
BRDA:9,0,0,3
BRDA:9,0,1,9
BRF:2
BRH:2
end_of_record
TN:
SF:src\components\MobileNavigation.jsx
FN:11,(anonymous_0)
FN:16,(anonymous_1)
FNF:2
FNH:2
FNDA:3,(anonymous_0)
FNDA:6,(anonymous_1)
DA:6,1
DA:11,1
DA:12,3
DA:14,3
DA:17,6
LF:5
LH:5
BRDA:23,0,0,3
BRDA:23,0,1,3
BRDA:27,1,0,3
BRDA:27,1,1,3
BRF:4
BRH:4
end_of_record
TN:
SF:src\components\Navbar.jsx
FN:7,(anonymous_0)
FN:10,(anonymous_1)
FNF:2
FNH:2
FNDA:2,(anonymous_0)
FNDA:6,(anonymous_1)
DA:7,1
DA:8,2
DA:11,6
LF:3
LH:3
BRF:0
BRH:0
end_of_record
TN:
SF:src\hooks\usePageTitle.jsx
FN:5,(anonymous_0)
FN:16,(anonymous_1)
FN:21,(anonymous_2)
FNF:3
FNH:3
FNDA:3,(anonymous_0)
FNDA:6,(anonymous_1)
FNDA:3,(anonymous_2)
DA:5,1
DA:6,3
DA:8,1
DA:10,1
DA:12,1
DA:16,1
DA:17,6
DA:18,6
DA:20,6
DA:21,6
DA:22,3
DA:25,6
LF:12
LH:12
BRDA:6,0,0,1
BRDA:6,0,1,1
BRDA:6,0,2,1
BRF:3
BRH:3
end_of_record
TN:
SF:src\pages\ProjectDetail.jsx
FN:9,(anonymous_0)
FN:15,(anonymous_1)
FN:16,(anonymous_2)
FN:55,(anonymous_3)
FN:59,(anonymous_4)
FN:63,(anonymous_5)
FN:64,(anonymous_6)
FN:95,(anonymous_7)
FNF:8
FNH:8
FNDA:15,(anonymous_0)
FNDA:5,(anonymous_1)
FNDA:5,(anonymous_2)
FNDA:2,(anonymous_3)
FNDA:2,(anonymous_4)
FNDA:1,(anonymous_5)
FNDA:1,(anonymous_6)
FNDA:18,(anonymous_7)
DA:9,1
DA:10,15
DA:11,15
DA:12,15
DA:13,15
DA:15,15
DA:16,5
DA:17,5
DA:18,5
DA:20,5
DA:23,15
DA:24,5
DA:55,10
DA:56,2
DA:59,10
DA:60,2
DA:63,10
DA:64,1
DA:65,1
DA:69,10
DA:96,18
LF:21
LH:21
BRDA:23,0,0,5
BRDA:23,0,1,10
BRDA:93,1,0,9
BRDA:93,1,1,1
BRDA:97,2,0,18
BRDA:97,2,1,9
BRF:6
BRH:6
end_of_record
TN:
SF:src\pages\modal.jsx
FN:5,Modal
FN:11,(anonymous_1)
FN:21,(anonymous_2)
FN:36,(anonymous_3)
FNF:4
FNH:4
FNDA:16,Modal
FNDA:2,(anonymous_1)
FNDA:4,(anonymous_2)
FNDA:2,(anonymous_3)
DA:6,16
DA:7,16
DA:8,9
DA:11,7
DA:12,2
DA:13,2
DA:14,2
DA:17,7
DA:21,4
DA:36,2
LF:10
LH:10
BRDA:7,0,0,9
BRDA:7,0,1,7
BRF:2
BRH:2
end_of_record
TN:
SF:src\utils\mockLatency.js
FN:6,(anonymous_0)
FN:7,(anonymous_1)
FNF:2
FNH:2
FNDA:3,(anonymous_0)
FNDA:3,(anonymous_1)
DA:6,1
DA:7,3
LF:2
LH:2
BRDA:6,0,0,1
BRF:1
BRH:1
end_of_record
